This is XeTeX, Version 3.14159265-2.6-0.999992 (TeX Live 2020) (preloaded format=xelatex 2025.12.15)  15 DEC 2025 15:30
entering extended mode
 restricted \write18 enabled.
 %&-line parsing enabled.
**/nas/longleaf/home/ekhar/decaf_manuscript/results/tables/DeCAF_Metrics_ByStud
y.tex

(/nas/longleaf/home/ekhar/decaf_manuscript/results/tables/DeCAF_Metrics_ByStudy
.tex
LaTeX2e <2020-10-01> patch level 4
L3 programming layer <2021-02-18>

! LaTeX Error: File `standalone.cls' not found.

Type X to quit or <RETURN> to proceed,
or enter new name. (Default extension: cls)

Enter file name: 
! Emergency stop.
<read *> 
         
l.2 \usepackage
               {amssymb, amsmath}^^M 
Here is how much of TeX's memory you used:
 21 strings out of 478968
 585 string characters out of 5868620
 288223 words of memory out of 5000000
 19945 multiletter control sequences out of 15000+600000
 403430 words of font info for 27 fonts, out of 8000000 for 9000
 14 hyphenation exceptions out of 8191
 32i,0n,39p,152b,13s stack positions out of 5000i,500n,10000p,200000b,80000s

No pages of output.


! kpathsea: Running mktexfmt xelatex.fmt
! mktexfmt: mktexfmt is using the following fmtutil.cnf files (in precedence order):
! mktexfmt:   /usr/share/texlive/texmf-dist/web2c/fmtutil.cnf
! mktexfmt: mktexfmt is using the following fmtutil.cnf file for writing changes:
! mktexfmt:   /nas/longleaf/home/ekhar/.texlive2020/texmf-config/web2c/fmtutil.cnf
! mktexfmt [INFO]: writing formats under /nas/longleaf/home/ekhar/.texlive2020/texmf-var/web2c
! mktexfmt [INFO]: --- remaking xelatex with xetex
! mktexfmt: running `xetex -ini   -jobname=xelatex -progname=xelatex -etex xelatex.ini' ...
! This is XeTeX, Version 3.14159265-2.6-0.999992 (TeX Live 2020) (INITEX)
!  restricted \write18 enabled.
! entering extended mode
! (/usr/share/texlive/texmf-dist/tex/generic/tex-ini-files/xelatex.ini
! (/usr/share/texlive/texmf-dist/tex/latex/base/latex.ltx
! (/usr/share/texlive/texmf-dist/tex/latex/base/texsys.cfg)
! ./texsys.aux found


! \@currdir set to: ./.


! Assuming \openin and \input 
! have the same search path.


! Defining UNIX/DOS style filename parser.

! catcodes, registers, parameters,
! LaTeX2e <2020-10-01> patch level 4
! (/usr/share/texlive/texmf-dist/tex/latex/l3kernel/expl3.ltx
! (/usr/share/texlive/texmf-dist/tex/latex/l3kernel/expl3-code.tex
! (/usr/share/texlive/texmf-dist/tex/latex/l3kernel/l3deprecation.def)))
! (/usr/share/texlive/texmf-dist/tex/latex/l3packages/xparse/xparse.ltx
! (/usr/share/texlive/texmf-dist/tex/latex/l3packages/xparse/xparse-generic.tex))
!  hacks, control, par, spacing, files, font encodings, lengths,
! ====================================

! Local config file fonttext.cfg used

! ====================================
! (/usr/share/texlive/texmf-dist/tex/latex/base/fonttext.cfg
! (/usr/share/texlive/texmf-dist/tex/latex/base/fonttext.ltx
! === Don't modify this file, use a .cfg file instead ===

! (/usr/share/texlive/texmf-dist/tex/latex/base/omlenc.def)
! (/usr/share/texlive/texmf-dist/tex/latex/base/omsenc.def)
! (/usr/share/texlive/texmf-dist/tex/latex/base/ot1enc.def)
! (/usr/share/texlive/texmf-dist/tex/latex/base/t1enc.def)
! (/usr/share/texlive/texmf-dist/tex/latex/base/ts1enc.def)
! (/usr/share/texlive/texmf-dist/tex/latex/base/tuenc.def)
! (/usr/share/texlive/texmf-dist/tex/latex/base/tulmr.fd)
! (/usr/share/texlive/texmf-dist/tex/latex/base/tulmss.fd)
! (/usr/share/texlive/texmf-dist/tex/latex/base/tulmtt.fd)
! (/usr/share/texlive/texmf-dist/tex/latex/lm/ts1lmr.fd)
! (/usr/share/texlive/texmf-dist/tex/latex/base/t1cmr.fd)
! (/usr/share/texlive/texmf-dist/tex/latex/base/ot1cmr.fd)
! (/usr/share/texlive/texmf-dist/tex/latex/base/ot1cmss.fd)
! (/usr/share/texlive/texmf-dist/tex/latex/base/ot1cmtt.fd)))
! ====================================

! Local config file fontmath.cfg used

! ====================================
! (/usr/share/texlive/texmf-dist/tex/latex/base/fontmath.cfg
! (/usr/share/texlive/texmf-dist/tex/latex/base/fontmath.ltx
! === Don't modify this file, use a .cfg file instead ===

! (/usr/share/texlive/texmf-dist/tex/latex/base/omlcmm.fd)
! (/usr/share/texlive/texmf-dist/tex/latex/base/omscmsy.fd)
! (/usr/share/texlive/texmf-dist/tex/latex/base/omxcmex.fd)
! (/usr/share/texlive/texmf-dist/tex/latex/base/ucmr.fd)))
! ====================================

! Local config file preload.cfg used

! =====================================
! (/usr/share/texlive/texmf-dist/tex/latex/base/preload.cfg
! (/usr/share/texlive/texmf-dist/tex/latex/base/preload.ltx)) page nos., x-ref,
! environments, center, verbatim, math definitions, boxes, title, sectioning,
! contents, floats, footnotes, index, bibliography, output,
!  Unicode character data,
! (/usr/share/texlive/texmf-dist/tex/generic/unicode-data/load-unicode-data.tex

! load-unicode-data.tex v1.14 (2020-10-24)
! Reading Unicode data
! # UnicodeData-13.0.0.txt
! # Modified 2020-03-12 11:00:00 GMT [JAW]
! )
! ===========================================
! Local configuration file hyphen.cfg used
! ===========================================
! (/usr/share/texlive/texmf-dist/tex/generic/babel/hyphen.cfg
! (/usr/share/texlive/texmf-dist/tex/generic/babel/xebabel.def)
! (/usr/share/texlive/texmf-dist/tex/generic/hyphen/hyphen.tex)
! (/usr/share/texlive/texmf-dist/tex/generic/hyphen/dumyhyph.tex)
! (/usr/share/texlive/texmf-dist/tex/generic/hyphen/zerohyph.tex))
! No file latex2e-first-aid-for-external-files.ltx.

!  ) )
! Beginning to dump on file xelatex.fmt
!  (preloaded format=xelatex 2025.12.15)
! 86568 strings of total length 381380
! 287506 memory locations dumped; current usage is 299&284500
! 19931 multiletter control sequences
! \font\nullfont=nullfont
! \font\c__fp_exp_intarray=cmr10 at 0.00002pt
! \font\c__fp_trig_intarray=cmr10 at 0.00003pt
! \font\c_initex_cctab=cmr10 at 0.00005pt
! \font\c_other_cctab=cmr10 at 0.00006pt
! \font\c_str_cctab=cmr10 at 0.00008pt
! \font\g__regex_state_active_intarray=cmr10 at 0.00009pt
! \font\g__regex_thread_info_intarray=cmr10 at 0.0001pt
! \font\g__regex_submatch_prev_intarray=cmr10 at 0.00012pt
! \font\g__regex_submatch_begin_intarray=cmr10 at 0.00014pt
! \font\g__regex_submatch_end_intarray=cmr10 at 0.00015pt
! \font\g__regex_balance_intarray=cmr10 at 0.00017pt
! \font\OMX/cmex/m/n/10=cmex10
! \font\tenln=line10
! \font\tenlnw=linew10
! \font\tencirc=lcircle10
! \font\tencircw=lcirclew10
! \font\OT1/cmr/m/n/5=cmr5
! \font\OT1/cmr/m/n/7=cmr7
! \font\OT1/cmr/m/n/10=cmr10
! \font\OML/cmm/m/it/5=cmmi5
! \font\OML/cmm/m/it/7=cmmi7
! \font\OML/cmm/m/it/10=cmmi10
! \font\OMS/cmsy/m/n/5=cmsy5
! \font\OMS/cmsy/m/n/7=cmsy7
! \font\OMS/cmsy/m/n/10=cmsy10
! \font\c_code_cctab=cmr10 at 0.00018pt
! \font\c_document_cctab=cmr10 at 0.0002pt
! 403423 words of font info for 27 preloaded fonts
! 14 hyphenation exceptions
! Hyphenation trie of length 6082 has 183 ops out of 35111
!   2 for language 1
!   181 for language 0
! No pages of output.
! Transcript written on xelatex.log.
! mktexfmt [INFO]: log file copied to: /nas/longleaf/home/ekhar/.texlive2020/texmf-var/web2c/xetex/xelatex.log
! mktexfmt [INFO]: /nas/longleaf/home/ekhar/.texlive2020/texmf-var/web2c/xetex/xelatex.fmt installed.
! mktexfmt [INFO]: successfully rebuilt formats: 1
! mktexfmt [INFO]: not selected formats: 19
! mktexfmt [INFO]: total formats: 20
! mktexfmt [INFO]: exiting with status 0
